build/app/intermediates/manifest_merge_blame_file/release/manifest-merger-blame-release-report.txt
1<?xml version="1.0" encoding="utf-8"?>
2<manifest xmlns:android="http://schemas.android.com/apk/res/android"
3    package="com.example.my_gojek_driver"
4    android:versionCode="1"
5    android:versionName="1.0.0" >
6
7    <uses-sdk
8        android:minSdkVersion="20"
8-->src/main/AndroidManifest.xml
9        android:targetSdkVersion="31" />
9-->src/main/AndroidManifest.xml
10
11    <uses-permission android:name="android.permission.ACCESS_FINE_LOCATION" />
11-->src/main/AndroidManifest.xml:3:5-79
11-->src/main/AndroidManifest.xml:3:22-76
12    <uses-permission android:name="android.permission.ACCESS_COARSE_LOCATION" />
12-->src/main/AndroidManifest.xml:4:5-81
12-->src/main/AndroidManifest.xml:4:22-78
13    <uses-permission android:name="android.permission.ACCESS_BACKGROUND_LOCATION" />
13-->src/main/AndroidManifest.xml:5:5-85
13-->src/main/AndroidManifest.xml:5:22-82
14    <uses-permission android:name="android.permission.FOREGROUND_SERVICE" />
14-->[:geolocator_android] AndroidManifest.xml:9:5-77
14-->[:geolocator_android] AndroidManifest.xml:9:22-74
15    <uses-permission android:name="android.permission.CALL_PHONE" />
15-->[:flutter_phone_direct_caller] AndroidManifest.xml:9:5-69
15-->[:flutter_phone_direct_caller] AndroidManifest.xml:9:22-66
16
17    <uses-feature
17-->[:flutter_phone_direct_caller] AndroidManifest.xml:11:5-13:36
18        android:name="android.hardware.telephony"
18-->[:flutter_phone_direct_caller] AndroidManifest.xml:12:9-50
19        android:required="false" /> <!-- Although the *SdkVersion is captured in gradle build files, this is required for non gradle builds -->
19-->[:flutter_phone_direct_caller] AndroidManifest.xml:13:9-33
20    <!-- <uses-sdk android:minSdkVersion="14"/> -->
21    <uses-permission android:name="android.permission.ACCESS_NETWORK_STATE" />
21-->[com.google.firebase:firebase-database:20.0.5] AndroidManifest.xml:25:5-79
21-->[com.google.firebase:firebase-database:20.0.5] AndroidManifest.xml:25:22-76
22    <uses-permission android:name="android.permission.INTERNET" />
22-->[com.google.firebase:firebase-database:20.0.5] AndroidManifest.xml:26:5-67
22-->[com.google.firebase:firebase-database:20.0.5] AndroidManifest.xml:26:22-64
23
24    <uses-feature
24-->[com.google.android.gms:play-services-maps:18.0.2] AndroidManifest.xml:26:5-28:35
25        android:glEsVersion="0x00020000"
25-->[com.google.android.gms:play-services-maps:18.0.2] AndroidManifest.xml:27:9-41
26        android:required="true" />
26-->[com.google.android.gms:play-services-maps:18.0.2] AndroidManifest.xml:28:9-32
27
28    <queries>
28-->[com.google.android.gms:play-services-maps:18.0.2] AndroidManifest.xml:30:5-34:15
29
30        <!-- Needs to be explicitly declared on Android R+ -->
31        <package android:name="com.google.android.apps.maps" />
31-->[com.google.android.gms:play-services-maps:18.0.2] AndroidManifest.xml:33:9-64
31-->[com.google.android.gms:play-services-maps:18.0.2] AndroidManifest.xml:33:18-61
32    </queries>
33
34    <application
35        android:name="android.app.Application"
35-->src/main/AndroidManifest.xml:8:9-42
36        android:appComponentFactory="androidx.core.app.CoreComponentFactory"
36-->[androidx.core:core:1.6.0] AndroidManifest.xml:24:18-86
37        android:icon="@mipmap/ic_launcher"
37-->src/main/AndroidManifest.xml:9:9-43
38        android:label="my_gojek_driver" >
38-->src/main/AndroidManifest.xml:7:9-40
39        <activity
39-->src/main/AndroidManifest.xml:10:9-30:20
40            android:name="com.example.my_gojek_driver.MainActivity"
40-->src/main/AndroidManifest.xml:11:13-41
41            android:configChanges="orientation|keyboardHidden|keyboard|screenSize|smallestScreenSize|locale|layoutDirection|fontScale|screenLayout|density|uiMode"
41-->src/main/AndroidManifest.xml:15:13-163
42            android:exported="true"
42-->src/main/AndroidManifest.xml:12:13-36
43            android:hardwareAccelerated="true"
43-->src/main/AndroidManifest.xml:16:13-47
44            android:launchMode="singleTop"
44-->src/main/AndroidManifest.xml:13:13-43
45            android:theme="@style/LaunchTheme"
45-->src/main/AndroidManifest.xml:14:13-47
46            android:windowSoftInputMode="adjustResize" >
46-->src/main/AndroidManifest.xml:17:13-55
47
48            <!--
49                 Specifies an Android theme to apply to this Activity as soon as
50                 the Android process has started. This theme is visible to the user
51                 while the Flutter UI initializes. After that, this theme continues
52                 to determine the Window background behind the Flutter UI.
53            -->
54            <meta-data
54-->src/main/AndroidManifest.xml:22:13-25:17
55                android:name="io.flutter.embedding.android.NormalTheme"
55-->src/main/AndroidManifest.xml:23:15-70
56                android:resource="@style/NormalTheme" />
56-->src/main/AndroidManifest.xml:24:15-52
57
58            <intent-filter>
58-->src/main/AndroidManifest.xml:26:13-29:29
59                <action android:name="android.intent.action.MAIN" />
59-->src/main/AndroidManifest.xml:27:17-68
59-->src/main/AndroidManifest.xml:27:25-66
60
61                <category android:name="android.intent.category.LAUNCHER" />
61-->src/main/AndroidManifest.xml:28:17-76
61-->src/main/AndroidManifest.xml:28:27-74
62            </intent-filter>
63        </activity>
64        <!--
65             Don't delete the meta-data below.
66             This is used by the Flutter tool to generate GeneratedPluginRegistrant.java
67        -->
68        <meta-data
68-->src/main/AndroidManifest.xml:33:8-35:32
69            android:name="flutterEmbedding"
69-->src/main/AndroidManifest.xml:34:12-43
70            android:value="2" />
70-->src/main/AndroidManifest.xml:35:12-29
71        <meta-data
71-->src/main/AndroidManifest.xml:36:8-37:69
72            android:name="com.google.android.geo.API_KEY"
72-->src/main/AndroidManifest.xml:36:19-64
73            android:value="AIzaSyCsTsN2T8xfPUzV7-6RQNEHHcfxp2YdD6M" />
73-->src/main/AndroidManifest.xml:37:12-67
74
75        <service
75-->[:firebase_database] AndroidManifest.xml:10:9-14:19
76            android:name="com.google.firebase.components.ComponentDiscoveryService"
76-->[:firebase_database] AndroidManifest.xml:10:18-89
77            android:directBootAware="true"
77-->[com.google.firebase:firebase-common:20.1.1] AndroidManifest.xml:35:13-43
78            android:exported="false" >
78-->[com.google.firebase:firebase-database:20.0.5] AndroidManifest.xml:31:13-37
79            <meta-data
79-->[:firebase_database] AndroidManifest.xml:11:13-13:85
80                android:name="com.google.firebase.components:io.flutter.plugins.firebase.database.FlutterFirebaseAppRegistrar"
80-->[:firebase_database] AndroidManifest.xml:12:17-127
81                android:value="com.google.firebase.components.ComponentRegistrar" />
81-->[:firebase_database] AndroidManifest.xml:13:17-82
82            <meta-data
82-->[:firebase_core] AndroidManifest.xml:11:13-13:85
83                android:name="com.google.firebase.components:io.flutter.plugins.firebase.core.FlutterFirebaseCoreRegistrar"
83-->[:firebase_core] AndroidManifest.xml:12:17-124
84                android:value="com.google.firebase.components.ComponentRegistrar" />
84-->[:firebase_core] AndroidManifest.xml:13:17-82
85            <meta-data
85-->[com.google.firebase:firebase-database:20.0.5] AndroidManifest.xml:32:13-34:85
86                android:name="com.google.firebase.components:com.google.firebase.database.DatabaseRegistrar"
86-->[com.google.firebase:firebase-database:20.0.5] AndroidManifest.xml:33:17-109
87                android:value="com.google.firebase.components.ComponentRegistrar" />
87-->[com.google.firebase:firebase-database:20.0.5] AndroidManifest.xml:34:17-82
88        </service>
89        <service
89-->[:geolocator_android] AndroidManifest.xml:12:9-16:56
90            android:name="com.baseflow.geolocator.GeolocatorLocationService"
90-->[:geolocator_android] AndroidManifest.xml:13:13-77
91            android:enabled="true"
91-->[:geolocator_android] AndroidManifest.xml:14:13-35
92            android:exported="false"
92-->[:geolocator_android] AndroidManifest.xml:15:13-37
93            android:foregroundServiceType="location" />
93-->[:geolocator_android] AndroidManifest.xml:16:13-53
94
95        <uses-library
95-->[androidx.window:window:1.0.0-beta04] AndroidManifest.xml:25:9-27:40
96            android:name="androidx.window.extensions"
96-->[androidx.window:window:1.0.0-beta04] AndroidManifest.xml:26:13-54
97            android:required="false" />
97-->[androidx.window:window:1.0.0-beta04] AndroidManifest.xml:27:13-37
98        <uses-library
98-->[androidx.window:window:1.0.0-beta04] AndroidManifest.xml:28:9-30:40
99            android:name="androidx.window.sidecar"
99-->[androidx.window:window:1.0.0-beta04] AndroidManifest.xml:29:13-51
100            android:required="false" />
100-->[androidx.window:window:1.0.0-beta04] AndroidManifest.xml:30:13-37
101
102        <provider
102-->[com.google.firebase:firebase-common:20.1.1] AndroidManifest.xml:26:9-31:39
103            android:name="com.google.firebase.provider.FirebaseInitProvider"
103-->[com.google.firebase:firebase-common:20.1.1] AndroidManifest.xml:27:13-77
104            android:authorities="com.example.my_gojek_driver.firebaseinitprovider"
104-->[com.google.firebase:firebase-common:20.1.1] AndroidManifest.xml:28:13-72
105            android:directBootAware="true"
105-->[com.google.firebase:firebase-common:20.1.1] AndroidManifest.xml:29:13-43
106            android:exported="false"
106-->[com.google.firebase:firebase-common:20.1.1] AndroidManifest.xml:30:13-37
107            android:initOrder="100" /> <!-- Needs to be explicitly declared on P+ -->
107-->[com.google.firebase:firebase-common:20.1.1] AndroidManifest.xml:31:13-36
108        <uses-library
108-->[com.google.android.gms:play-services-maps:18.0.2] AndroidManifest.xml:39:9-41:40
109            android:name="org.apache.http.legacy"
109-->[com.google.android.gms:play-services-maps:18.0.2] AndroidManifest.xml:40:13-50
110            android:required="false" />
110-->[com.google.android.gms:play-services-maps:18.0.2] AndroidManifest.xml:41:13-37
111
112        <activity
112-->[com.google.android.gms:play-services-auth:20.1.0] AndroidManifest.xml:23:9-27:75
113            android:name="com.google.android.gms.auth.api.signin.internal.SignInHubActivity"
113-->[com.google.android.gms:play-services-auth:20.1.0] AndroidManifest.xml:24:13-93
114            android:excludeFromRecents="true"
114-->[com.google.android.gms:play-services-auth:20.1.0] AndroidManifest.xml:25:13-46
115            android:exported="false"
115-->[com.google.android.gms:play-services-auth:20.1.0] AndroidManifest.xml:26:13-37
116            android:theme="@android:style/Theme.Translucent.NoTitleBar" />
116-->[com.google.android.gms:play-services-auth:20.1.0] AndroidManifest.xml:27:13-72
117        <!--
118            Service handling Google Sign-In user revocation. For apps that do not integrate with
119            Google Sign-In, this service will never be started.
120        -->
121        <service
121-->[com.google.android.gms:play-services-auth:20.1.0] AndroidManifest.xml:33:9-37:51
122            android:name="com.google.android.gms.auth.api.signin.RevocationBoundService"
122-->[com.google.android.gms:play-services-auth:20.1.0] AndroidManifest.xml:34:13-89
123            android:exported="true"
123-->[com.google.android.gms:play-services-auth:20.1.0] AndroidManifest.xml:35:13-36
124            android:permission="com.google.android.gms.auth.api.signin.permission.REVOCATION_NOTIFICATION"
124-->[com.google.android.gms:play-services-auth:20.1.0] AndroidManifest.xml:36:13-107
125            android:visibleToInstantApps="true" />
125-->[com.google.android.gms:play-services-auth:20.1.0] AndroidManifest.xml:37:13-48
126
127        <activity
127-->[com.google.android.gms:play-services-base:18.0.1] AndroidManifest.xml:20:9-22:45
128            android:name="com.google.android.gms.common.api.GoogleApiActivity"
128-->[com.google.android.gms:play-services-base:18.0.1] AndroidManifest.xml:20:19-85
129            android:exported="false"
129-->[com.google.android.gms:play-services-base:18.0.1] AndroidManifest.xml:22:19-43
130            android:theme="@android:style/Theme.Translucent.NoTitleBar" />
130-->[com.google.android.gms:play-services-base:18.0.1] AndroidManifest.xml:21:19-78
131
132        <meta-data
132-->[com.google.android.gms:play-services-basement:18.0.0] AndroidManifest.xml:21:9-23:69
133            android:name="com.google.android.gms.version"
133-->[com.google.android.gms:play-services-basement:18.0.0] AndroidManifest.xml:22:13-58
134            android:value="@integer/google_play_services_version" />
134-->[com.google.android.gms:play-services-basement:18.0.0] AndroidManifest.xml:23:13-66
135    </application>
136
137</manifest>